d:\google chrome downloads\hw 4 - copy\hw 4 - server\server\server\x64\debug\vc143.pdb
d:\google chrome downloads\hw 4 - copy\hw 4 - server\server\server\x64\debug\vc143.idb
d:\google chrome downloads\hw 4 - copy\hw 4 - server\server\server\x64\debug\projectilecomponent.obj
d:\google chrome downloads\hw 4 - copy\hw 4 - server\server\server\x64\debug\physicscomponent.obj
d:\google chrome downloads\hw 4 - copy\hw 4 - server\server\server\x64\debug\physics.obj
d:\google chrome downloads\hw 4 - copy\hw 4 - server\server\server\x64\debug\main.obj
d:\google chrome downloads\hw 4 - copy\hw 4 - server\server\server\x64\debug\inputhandler.obj
d:\google chrome downloads\hw 4 - copy\hw 4 - server\server\server\x64\debug\input.obj
d:\google chrome downloads\hw 4 - copy\hw 4 - server\server\server\x64\debug\init.obj
d:\google chrome downloads\hw 4 - copy\hw 4 - server\server\server\x64\debug\gameobject.obj
d:\google chrome downloads\hw 4 - copy\hw 4 - server\server\server\x64\debug\game.obj
d:\google chrome downloads\hw 4 - copy\hw 4 - server\server\server\x64\debug\eventmanager.obj
d:\google chrome downloads\hw 4 - copy\hw 4 - server\server\server\x64\debug\entity.obj
d:\google chrome downloads\hw 4 - copy\hw 4 - server\server\server\x64\debug\drawcomponent.obj
d:\google chrome downloads\hw 4 - copy\hw 4 - server\server\server\x64\debug\draw.obj
d:\google chrome downloads\hw 4 - copy\hw 4 - server\server\server\x64\debug\deathzonecomponent.obj
d:\google chrome downloads\hw 4 - copy\hw 4 - server\server\server\x64\debug\deathhandler.obj
d:\google chrome downloads\hw 4 - copy\hw 4 - server\server\server\x64\debug\controllablecomponent.obj
d:\google chrome downloads\hw 4 - copy\hw 4 - server\server\server\x64\debug\component.obj
d:\google chrome downloads\hw 4 - copy\hw 4 - server\server\server\x64\debug\collisionhandler.obj
d:\google chrome downloads\hw 4 - copy\hw 4 - server\server\server\x64\debug\aicomponent.obj
d:\google chrome downloads\hw 4 - copy\hw 4 - server\server\server\x64\debug\timeline.obj
d:\google chrome downloads\hw 4 - copy\hw 4 - server\server\server\x64\debug\threads.obj
d:\google chrome downloads\hw 4 - copy\hw 4 - server\server\server\x64\debug\structs.obj
d:\google chrome downloads\hw 4 - copy\hw 4 - server\server\server\x64\debug\spawnpointcomponent.obj
d:\google chrome downloads\hw 4 - copy\hw 4 - server\server\server\x64\debug\spawnhandler.obj
d:\google chrome downloads\hw 4 - copy\hw 4 - server\server\server\x64\debug\sidescrollcomponent.obj
d:\google chrome downloads\hw 4 - copy\hw 4 - server\server\server\x64\debug\server.obj
d:\google chrome downloads\hw 4 - copy\hw 4 - server\server\x64\debug\libzmq-mt-gd-4_3_5.dll
d:\google chrome downloads\hw 4 - copy\hw 4 - server\server\x64\debug\libsodium.dll
d:\google chrome downloads\hw 4 - copy\hw 4 - server\server\server\x64\debug\server.ilk
d:\google chrome downloads\hw 4 - copy\hw 4 - server\server\x64\debug\server.pdb
d:\google chrome downloads\hw 4 - copy\hw 4 - server\server\server\x64\debug\server.tlog\cl.command.1.tlog
d:\google chrome downloads\hw 4 - copy\hw 4 - server\server\server\x64\debug\server.tlog\cl.items.tlog
d:\google chrome downloads\hw 4 - copy\hw 4 - server\server\server\x64\debug\server.tlog\cl.read.1.tlog
d:\google chrome downloads\hw 4 - copy\hw 4 - server\server\server\x64\debug\server.tlog\cl.write.1.tlog
d:\google chrome downloads\hw 4 - copy\hw 4 - server\server\server\x64\debug\server.tlog\link.15504-cvtres.read.1.tlog
d:\google chrome downloads\hw 4 - copy\hw 4 - server\server\server\x64\debug\server.tlog\link.15504-cvtres.write.1.tlog
d:\google chrome downloads\hw 4 - copy\hw 4 - server\server\server\x64\debug\server.tlog\link.15504-rc.read.1.tlog
d:\google chrome downloads\hw 4 - copy\hw 4 - server\server\server\x64\debug\server.tlog\link.15504-rc.write.1.tlog
d:\google chrome downloads\hw 4 - copy\hw 4 - server\server\server\x64\debug\server.tlog\link.15504.read.1.tlog
d:\google chrome downloads\hw 4 - copy\hw 4 - server\server\server\x64\debug\server.tlog\link.15504.read.2.tlog
d:\google chrome downloads\hw 4 - copy\hw 4 - server\server\server\x64\debug\server.tlog\link.15504.write.1.tlog
d:\google chrome downloads\hw 4 - copy\hw 4 - server\server\server\x64\debug\server.tlog\link.command.1.tlog
d:\google chrome downloads\hw 4 - copy\hw 4 - server\server\server\x64\debug\server.tlog\link.read.1.tlog
d:\google chrome downloads\hw 4 - copy\hw 4 - server\server\server\x64\debug\server.tlog\link.secondary.1.tlog
d:\google chrome downloads\hw 4 - copy\hw 4 - server\server\server\x64\debug\server.tlog\link.write.1.tlog
d:\google chrome downloads\hw 4 - copy\hw 4 - server\server\server\x64\debug\server.tlog\server.write.1u.tlog
