d:\google chrome downloads\hw 4\hw 4 - client\client\client\x64\debug\vc143.pdb
d:\google chrome downloads\hw 4\hw 4 - client\client\client\x64\debug\vc143.idb
d:\google chrome downloads\hw 4\hw 4 - client\client\client\x64\debug\timeline.obj
d:\google chrome downloads\hw 4\hw 4 - client\client\client\x64\debug\threads.obj
d:\google chrome downloads\hw 4\hw 4 - client\client\client\x64\debug\structs.obj
d:\google chrome downloads\hw 4\hw 4 - client\client\client\x64\debug\spawnpointcomponent.obj
d:\google chrome downloads\hw 4\hw 4 - client\client\client\x64\debug\sidescrollcomponent.obj
d:\google chrome downloads\hw 4\hw 4 - client\client\client\x64\debug\physicscomponent.obj
d:\google chrome downloads\hw 4\hw 4 - client\client\client\x64\debug\physics.obj
d:\google chrome downloads\hw 4\hw 4 - client\client\client\x64\debug\main.obj
d:\google chrome downloads\hw 4\hw 4 - client\client\client\x64\debug\input.obj
d:\google chrome downloads\hw 4\hw 4 - client\client\client\x64\debug\init.obj
d:\google chrome downloads\hw 4\hw 4 - client\client\client\x64\debug\gameobject.obj
d:\google chrome downloads\hw 4\hw 4 - client\client\client\x64\debug\game.obj
d:\google chrome downloads\hw 4\hw 4 - client\client\client\x64\debug\entity.obj
d:\google chrome downloads\hw 4\hw 4 - client\client\client\x64\debug\drawcomponent.obj
d:\google chrome downloads\hw 4\hw 4 - client\client\client\x64\debug\draw.obj
d:\google chrome downloads\hw 4\hw 4 - client\client\client\x64\debug\deathzonecomponent.obj
d:\google chrome downloads\hw 4\hw 4 - client\client\client\x64\debug\controllablecomponent.obj
d:\google chrome downloads\hw 4\hw 4 - client\client\client\x64\debug\client.obj
d:\google chrome downloads\hw 4\hw 4 - client\client\client\x64\debug\aicomponent.obj
c:\users\andyz\downloads\hw 3 (1)\hw 3\hw 3 - client\client\x64\debug\libzmq-mt-gd-4_3_5.dll
d:\google chrome downloads\hw 3\hw 3 - client\client\x64\debug\libzmq-mt-gd-4_3_5.dll
d:\google chrome downloads\hw 4\hw 4 - client\client\x64\debug\libzmq-mt-gd-4_3_5.dll
d:\google chrome downloads\hw 4\hw 4 - client\client\x64\debug\client.exe
d:\google chrome downloads\hw 4\hw 4 - client\client\x64\debug\client.pdb
d:\google chrome downloads\hw 4\hw 4 - client\client\client\x64\debug\client.ilk
d:\google chrome downloads\hw 4\hw 4 - client\client\client\x64\debug\client.tlog\cl.command.1.tlog
d:\google chrome downloads\hw 4\hw 4 - client\client\client\x64\debug\client.tlog\cl.items.tlog
d:\google chrome downloads\hw 4\hw 4 - client\client\client\x64\debug\client.tlog\cl.read.1.tlog
d:\google chrome downloads\hw 4\hw 4 - client\client\client\x64\debug\client.tlog\cl.write.1.tlog
d:\google chrome downloads\hw 4\hw 4 - client\client\client\x64\debug\client.tlog\client.write.1u.tlog
d:\google chrome downloads\hw 4\hw 4 - client\client\client\x64\debug\client.tlog\link.command.1.tlog
d:\google chrome downloads\hw 4\hw 4 - client\client\client\x64\debug\client.tlog\link.read.1.tlog
d:\google chrome downloads\hw 4\hw 4 - client\client\client\x64\debug\client.tlog\link.secondary.1.tlog
d:\google chrome downloads\hw 4\hw 4 - client\client\client\x64\debug\client.tlog\link.write.1.tlog
