  client.cpp
C:\Users\philm\source\repos\client\entity.hpp(18,14): warning C4244: 'initializing': conversion from 'int' to 'float', possible loss of data
  (compiling source file 'client.cpp')
  
C:\Users\philm\source\repos\client\entity.hpp(18,28): warning C4244: 'initializing': conversion from 'int' to 'float', possible loss of data
  (compiling source file 'client.cpp')
  
C:\Users\philm\source\repos\client\entity.hpp(22,14): warning C4244: 'initializing': conversion from 'int' to 'float', possible loss of data
  (compiling source file 'client.cpp')
  
C:\Users\philm\source\repos\client\entity.hpp(22,28): warning C4244: 'initializing': conversion from 'int' to 'float', possible loss of data
  (compiling source file 'client.cpp')
  
C:\Program Files\Microsoft Visual Studio\2022\Community\VC\Tools\MSVC\14.41.34120\include\memory(3597,56): warning C4244: 'argument': conversion from 'float' to 'int', possible loss of data
  (compiling source file 'client.cpp')
      C:\Program Files\Microsoft Visual Studio\2022\Community\VC\Tools\MSVC\14.41.34120\include\memory(3597,56):
      the template instantiation context (the oldest one first) is
          C:\Users\philm\source\repos\client\client.cpp(73,35):
          see reference to function template instantiation 'std::unique_ptr<Entity,std::default_delete<Entity>> std::make_unique<Entity,float&,float&,int&,int&,bool&,bool&,bool&,std::string&,0>(float &,float &,int &,int &,bool &,bool &,bool &,std::string &)' being compiled
  
  draw.cpp
C:\Users\philm\source\repos\client\entity.hpp(18,14): warning C4244: 'initializing': conversion from 'int' to 'float', possible loss of data
  (compiling source file 'draw.cpp')
  
C:\Users\philm\source\repos\client\entity.hpp(18,28): warning C4244: 'initializing': conversion from 'int' to 'float', possible loss of data
  (compiling source file 'draw.cpp')
  
C:\Users\philm\source\repos\client\entity.hpp(22,14): warning C4244: 'initializing': conversion from 'int' to 'float', possible loss of data
  (compiling source file 'draw.cpp')
  
C:\Users\philm\source\repos\client\entity.hpp(22,28): warning C4244: 'initializing': conversion from 'int' to 'float', possible loss of data
  (compiling source file 'draw.cpp')
  
C:\Users\philm\source\repos\client\draw.cpp(23,46): warning C4838: conversion from 'float' to 'int' requires a narrowing conversion
C:\Users\philm\source\repos\client\draw.cpp(23,46): warning C4244: 'initializing': conversion from 'float' to 'int', possible loss of data
C:\Users\philm\source\repos\client\draw.cpp(23,65): warning C4838: conversion from 'float' to 'int' requires a narrowing conversion
C:\Users\philm\source\repos\client\draw.cpp(23,65): warning C4244: 'initializing': conversion from 'float' to 'int', possible loss of data
  entity.cpp
C:\Users\philm\source\repos\client\entity.hpp(18,14): warning C4244: 'initializing': conversion from 'int' to 'float', possible loss of data
  (compiling source file 'entity.cpp')
  
C:\Users\philm\source\repos\client\entity.hpp(18,28): warning C4244: 'initializing': conversion from 'int' to 'float', possible loss of data
  (compiling source file 'entity.cpp')
  
C:\Users\philm\source\repos\client\entity.hpp(22,14): warning C4244: 'initializing': conversion from 'int' to 'float', possible loss of data
  (compiling source file 'entity.cpp')
  
C:\Users\philm\source\repos\client\entity.hpp(22,28): warning C4244: 'initializing': conversion from 'int' to 'float', possible loss of data
  (compiling source file 'entity.cpp')
  
  game.cpp
C:\Users\philm\source\repos\client\entity.hpp(18,14): warning C4244: 'initializing': conversion from 'int' to 'float', possible loss of data
  (compiling source file 'game.cpp')
  
C:\Users\philm\source\repos\client\entity.hpp(18,28): warning C4244: 'initializing': conversion from 'int' to 'float', possible loss of data
  (compiling source file 'game.cpp')
  
C:\Users\philm\source\repos\client\entity.hpp(22,14): warning C4244: 'initializing': conversion from 'int' to 'float', possible loss of data
  (compiling source file 'game.cpp')
  
C:\Users\philm\source\repos\client\entity.hpp(22,28): warning C4244: 'initializing': conversion from 'int' to 'float', possible loss of data
  (compiling source file 'game.cpp')
  
  input.cpp
C:\Users\philm\source\repos\client\entity.hpp(18,14): warning C4244: 'initializing': conversion from 'int' to 'float', possible loss of data
  (compiling source file 'input.cpp')
  
C:\Users\philm\source\repos\client\entity.hpp(18,28): warning C4244: 'initializing': conversion from 'int' to 'float', possible loss of data
  (compiling source file 'input.cpp')
  
C:\Users\philm\source\repos\client\entity.hpp(22,14): warning C4244: 'initializing': conversion from 'int' to 'float', possible loss of data
  (compiling source file 'input.cpp')
  
C:\Users\philm\source\repos\client\entity.hpp(22,28): warning C4244: 'initializing': conversion from 'int' to 'float', possible loss of data
  (compiling source file 'input.cpp')
  
  main.cpp
C:\Users\philm\source\repos\client\entity.hpp(18,14): warning C4244: 'initializing': conversion from 'int' to 'float', possible loss of data
  (compiling source file 'main.cpp')
  
C:\Users\philm\source\repos\client\entity.hpp(18,28): warning C4244: 'initializing': conversion from 'int' to 'float', possible loss of data
  (compiling source file 'main.cpp')
  
C:\Users\philm\source\repos\client\entity.hpp(22,14): warning C4244: 'initializing': conversion from 'int' to 'float', possible loss of data
  (compiling source file 'main.cpp')
  
C:\Users\philm\source\repos\client\entity.hpp(22,28): warning C4244: 'initializing': conversion from 'int' to 'float', possible loss of data
  (compiling source file 'main.cpp')
  
  physics.cpp
C:\Users\philm\source\repos\client\entity.hpp(18,14): warning C4244: 'initializing': conversion from 'int' to 'float', possible loss of data
  (compiling source file 'physics.cpp')
  
C:\Users\philm\source\repos\client\entity.hpp(18,28): warning C4244: 'initializing': conversion from 'int' to 'float', possible loss of data
  (compiling source file 'physics.cpp')
  
C:\Users\philm\source\repos\client\entity.hpp(22,14): warning C4244: 'initializing': conversion from 'int' to 'float', possible loss of data
  (compiling source file 'physics.cpp')
  
C:\Users\philm\source\repos\client\entity.hpp(22,28): warning C4244: 'initializing': conversion from 'int' to 'float', possible loss of data
  (compiling source file 'physics.cpp')
  
  structs.cpp
  Timeline.cpp
  Generating Code...
  LINK : C:\Users\philm\source\repos\client\x64\Debug\hw1.exe not found or not built by the last incremental link; performing full link
  hw1.vcxproj -> C:\Users\philm\source\repos\client\x64\Debug\hw1.exe
  'pwsh.exe' is not recognized as an internal or external command,
  operable program or batch file.
